<?xml version="1.0" encoding="UTF-8"?>
<robot generator="Robot 5.0.1 (Python 3.10.7 on win32)" generated="20221108 22:13:25.872" rpa="false" schemaversion="3">
<suite id="s1" name="Amazon Testes" source="c:\Users\Roberto Manfrin Jr\Desktop\Quality Assurance\web\test\amazon_testes.robot">
<test id="s1-t1" name="Caso de teste 01 - Acesso ao menu &quot;Eletrônicos&quot;" line="8">
<kw name="Abrir o navegador" library="amazon_resources" type="SETUP">
<kw name="Open Browser" library="SeleniumLibrary">
<arg>browser=chrome</arg>
<doc>Opens a new browser instance to the optional ``url``.</doc>
<msg timestamp="20221108 22:13:26.179" level="INFO">Opening browser 'chrome' to base url 'None'.</msg>
<status status="PASS" starttime="20221108 22:13:26.179" endtime="20221108 22:13:27.305"/>
</kw>
<kw name="Maximize Browser Window" library="SeleniumLibrary">
<doc>Maximizes current browser window.</doc>
<status status="PASS" starttime="20221108 22:13:27.306" endtime="20221108 22:13:27.425"/>
</kw>
<status status="PASS" starttime="20221108 22:13:26.178" endtime="20221108 22:13:27.425"/>
</kw>
<kw name="Acessar a home page do site Amazon.com.br" library="amazon_resources">
<kw name="Go To" library="SeleniumLibrary">
<arg>url=${URL}</arg>
<doc>Navigates the current browser window to the provided ``url``.</doc>
<msg timestamp="20221108 22:13:27.427" level="INFO">Opening url 'https://www.amazon.com.br/'</msg>
<status status="PASS" starttime="20221108 22:13:27.426" endtime="20221108 22:13:29.295"/>
</kw>
<kw name="Wait Until Element Is Visible" library="SeleniumLibrary">
<arg>locator=${MENU_ELETRONICOS}</arg>
<doc>Waits until the element ``locator`` is visible.</doc>
<status status="PASS" starttime="20221108 22:13:29.295" endtime="20221108 22:13:29.349"/>
</kw>
<status status="PASS" starttime="20221108 22:13:27.426" endtime="20221108 22:13:29.350"/>
</kw>
<kw name="Eletrônicos e Tecnologia | Amazon.com.br &quot;Amazon.com.br | Tudo pra você, de A a Z.&quot;" library="amazon_resources" sourcename="Eletrônicos e Tecnologia | Amazon.com.br &quot;${TITULO-DA-PAGINA}&quot;">
<kw name="Title Should Be" library="SeleniumLibrary">
<arg>title=${TITULO-DA-PAGINA}</arg>
<doc>Verifies that the current page title equals ``title``.</doc>
<msg timestamp="20221108 22:13:29.355" level="INFO">Page title is 'Amazon.com.br | Tudo pra você, de A a Z.'.</msg>
<status status="PASS" starttime="20221108 22:13:29.351" endtime="20221108 22:13:29.355"/>
</kw>
<status status="PASS" starttime="20221108 22:13:29.350" endtime="20221108 22:13:29.355"/>
</kw>
<kw name="Entrar no menu &quot;Eletrônicos&quot;" library="amazon_resources">
<kw name="Click Element" library="SeleniumLibrary">
<arg>locator=${MENU_ELETRONICOS}</arg>
<doc>Click the element identified by ``locator``.</doc>
<msg timestamp="20221108 22:13:29.357" level="INFO">Clicking element '//*[@id="nav-xshop"]/a[9]'.</msg>
<status status="PASS" starttime="20221108 22:13:29.356" endtime="20221108 22:13:30.269"/>
</kw>
<status status="PASS" starttime="20221108 22:13:29.356" endtime="20221108 22:13:30.269"/>
</kw>
<kw name="Verificar se aparece a frase &quot;Eletrônicos e Tecnologia&quot;" library="amazon_resources" sourcename="Verificar se aparece a frase &quot;${FRASE}&quot;">
<kw name="Wait Until Page Contains" library="SeleniumLibrary">
<arg>text=${FRASE}</arg>
<doc>Waits until ``text`` appears on the current page.</doc>
<status status="PASS" starttime="20221108 22:13:30.271" endtime="20221108 22:13:30.636"/>
</kw>
<status status="PASS" starttime="20221108 22:13:30.270" endtime="20221108 22:13:30.636"/>
</kw>
<kw name="Verificar se o título da página fica &quot;Eletrônicos e Tecnologia | Amazon.com.br&quot;" library="amazon_resources" sourcename="Verificar se o título da página fica &quot;${TITULO}&quot;">
<kw name="Title Should Be" library="SeleniumLibrary">
<arg>title=${TITULO}</arg>
<doc>Verifies that the current page title equals ``title``.</doc>
<msg timestamp="20221108 22:13:30.781" level="INFO">Page title is 'Eletrônicos e Tecnologia | Amazon.com.br'.</msg>
<status status="PASS" starttime="20221108 22:13:30.638" endtime="20221108 22:13:30.782"/>
</kw>
<status status="PASS" starttime="20221108 22:13:30.637" endtime="20221108 22:13:30.782"/>
</kw>
<kw name="Verificar se aparece a categoria &quot;Ofertas em destaque&quot;" library="amazon_resources" sourcename="Verificar se aparece a categoria &quot;${Ofertas-em-destaque}&quot;">
<kw name="Wait Until Page Contains" library="SeleniumLibrary">
<arg>text=${Ofertas-em-destaque}</arg>
<doc>Waits until ``text`` appears on the current page.</doc>
<status status="PASS" starttime="20221108 22:13:30.784" endtime="20221108 22:13:31.084"/>
</kw>
<status status="PASS" starttime="20221108 22:13:30.784" endtime="20221108 22:13:31.084"/>
</kw>
<kw name="Fechar o navegador" library="amazon_resources" type="TEARDOWN">
<kw name="Close Browser" library="SeleniumLibrary">
<doc>Closes the current browser.</doc>
<status status="PASS" starttime="20221108 22:13:31.086" endtime="20221108 22:13:33.253"/>
</kw>
<status status="PASS" starttime="20221108 22:13:31.085" endtime="20221108 22:13:33.254"/>
</kw>
<status status="PASS" starttime="20221108 22:13:26.177" endtime="20221108 22:13:33.255"/>
</test>
<status status="PASS" starttime="20221108 22:13:25.878" endtime="20221108 22:13:33.259"/>
</suite>
<statistics>
<total>
<stat pass="1" fail="0" skip="0">All Tests</stat>
</total>
<tag>
</tag>
<suite>
<stat pass="1" fail="0" skip="0" id="s1" name="Amazon Testes">Amazon Testes</stat>
</suite>
</statistics>
<errors>
</errors>
</robot>
