<?xml version="1.0" encoding="UTF-8"?>
<robot generator="Robot 5.0.1 (Python 3.10.7 on win32)" generated="20221110 00:01:39.143" rpa="false" schemaversion="3">
<suite id="s1" name="Amazon Testes" source="c:\Users\Roberto Manfrin Jr\Desktop\Quality Assurance\web\test\amazon_testes.robot">
<test id="s1-t1" name="Casos de teste 02 - Pesquisa de um Produto" line="16">
<kw name="Abrir o navegador" library="amazon_resources" type="SETUP">
<kw name="Open Browser" library="SeleniumLibrary">
<arg>browser=chrome</arg>
<doc>Opens a new browser instance to the optional ``url``.</doc>
<msg timestamp="20221110 00:01:39.571" level="INFO">Opening browser 'chrome' to base url 'None'.</msg>
<status status="PASS" starttime="20221110 00:01:39.570" endtime="20221110 00:01:41.402"/>
</kw>
<kw name="Maximize Browser Window" library="SeleniumLibrary">
<doc>Maximizes current browser window.</doc>
<status status="PASS" starttime="20221110 00:01:41.402" endtime="20221110 00:01:41.515"/>
</kw>
<status status="PASS" starttime="20221110 00:01:39.570" endtime="20221110 00:01:41.515"/>
</kw>
<kw name="Acessar a home page do site Amazon.com.br" library="amazon_resources">
<kw name="Go To" library="SeleniumLibrary">
<arg>url=${URL}</arg>
<doc>Navigates the current browser window to the provided ``url``.</doc>
<msg timestamp="20221110 00:01:41.517" level="INFO">Opening url 'https://www.amazon.com.br/'</msg>
<status status="PASS" starttime="20221110 00:01:41.516" endtime="20221110 00:01:43.332"/>
</kw>
<kw name="Wait Until Element Is Visible" library="SeleniumLibrary">
<arg>locator=${MENU_ELETRONICOS}</arg>
<doc>Waits until the element ``locator`` is visible.</doc>
<status status="PASS" starttime="20221110 00:01:43.333" endtime="20221110 00:01:43.466"/>
</kw>
<status status="PASS" starttime="20221110 00:01:41.516" endtime="20221110 00:01:43.466"/>
</kw>
<kw name="Digitar o nome de produto &quot;Xbox Series S&quot; no campo de pesquisa" library="amazon_resources" sourcename="Digitar o nome de produto &quot;${PRODUTO}&quot; no campo de pesquisa">
<kw name="Input Text" library="SeleniumLibrary">
<arg>locator=twotabsearchtextbox</arg>
<arg>text=${PRODUTO}</arg>
<doc>Types the given ``text`` into the text field identified by ``locator``.</doc>
<msg timestamp="20221110 00:01:43.468" level="INFO">Typing text 'Xbox Series S' into text field 'twotabsearchtextbox'.</msg>
<status status="PASS" starttime="20221110 00:01:43.467" endtime="20221110 00:01:43.683"/>
</kw>
<status status="PASS" starttime="20221110 00:01:43.467" endtime="20221110 00:01:43.683"/>
</kw>
<kw name="Clicar no botão de pesquisa" library="amazon_resources">
<kw name="Click Element" library="SeleniumLibrary">
<arg>locator=nav-search-submit-button</arg>
<doc>Click the element identified by ``locator``.</doc>
<msg timestamp="20221110 00:01:43.684" level="INFO">Clicking element 'nav-search-submit-button'.</msg>
<status status="PASS" starttime="20221110 00:01:43.684" endtime="20221110 00:01:43.848"/>
</kw>
<status status="PASS" starttime="20221110 00:01:43.683" endtime="20221110 00:01:43.848"/>
</kw>
<kw name="Verificar o resultado da pesquisa se está listando o produto &quot;Console Xbox Series S&quot;" library="amazon_resources" sourcename="Verificar o resultado da pesquisa se está listando o produto &quot;${PRODUTO}&quot;">
<kw name="Wait Until Element Is Visible" library="SeleniumLibrary">
<arg>locator=(//span[contains(.,'${PRODUTO}')])[3]</arg>
<doc>Waits until the element ``locator`` is visible.</doc>
<msg timestamp="20221110 00:01:49.181" level="INFO" html="true">&lt;/td&gt;&lt;/tr&gt;&lt;tr&gt;&lt;td colspan="3"&gt;&lt;a href="selenium-screenshot-4.png"&gt;&lt;img src="selenium-screenshot-4.png" width="800px"&gt;&lt;/a&gt;</msg>
<msg timestamp="20221110 00:01:49.183" level="FAIL">Element '(//span[contains(.,'Console Xbox Series S')])[3]' not visible after 5 seconds.</msg>
<status status="FAIL" starttime="20221110 00:01:43.851" endtime="20221110 00:01:49.223"/>
</kw>
<status status="FAIL" starttime="20221110 00:01:43.850" endtime="20221110 00:01:49.224"/>
</kw>
<kw name="Fechar o navegador" library="amazon_resources" type="TEARDOWN">
<kw name="Close Browser" library="SeleniumLibrary">
<doc>Closes the current browser.</doc>
<status status="PASS" starttime="20221110 00:01:49.225" endtime="20221110 00:01:51.472"/>
</kw>
<status status="PASS" starttime="20221110 00:01:49.225" endtime="20221110 00:01:51.473"/>
</kw>
<status status="FAIL" starttime="20221110 00:01:39.569" endtime="20221110 00:01:51.474">Element '(//span[contains(.,'Console Xbox Series S')])[3]' not visible after 5 seconds.</status>
</test>
<status status="FAIL" starttime="20221110 00:01:39.150" endtime="20221110 00:01:51.477"/>
</suite>
<statistics>
<total>
<stat pass="0" fail="1" skip="0">All Tests</stat>
</total>
<tag>
</tag>
<suite>
<stat pass="0" fail="1" skip="0" id="s1" name="Amazon Testes">Amazon Testes</stat>
</suite>
</statistics>
<errors>
</errors>
</robot>
